<?xml version="1.0" encoding="UTF-8"?>
<testsuite name="org.example.demo.NoteControllerUnitTest" tests="5" skipped="0" failures="0" errors="0" timestamp="2024-05-13T17:44:02" hostname="SERGEY" time="0.879">
  <properties/>
  <testcase name="testGetNoteById()" classname="org.example.demo.NoteControllerUnitTest" time="0.542"/>
  <testcase name="testGetAllNotes()" classname="org.example.demo.NoteControllerUnitTest" time="0.031"/>
  <testcase name="testUpdateNote()" classname="org.example.demo.NoteControllerUnitTest" time="0.237"/>
  <testcase name="testCreateNote()" classname="org.example.demo.NoteControllerUnitTest" time="0.015"/>
  <testcase name="testDeleteNote()" classname="org.example.demo.NoteControllerUnitTest" time="0.023"/>
  <system-out><![CDATA[20:43:56.547 [Test worker] INFO org.springframework.test.context.support.AnnotationConfigContextLoaderUtils -- Could not detect default configuration classes for test class [org.example.demo.NoteControllerUnitTest]: NoteControllerUnitTest does not declare any static, non-private, non-final, nested classes annotated with @Configuration.
20:43:56.831 [Test worker] INFO org.springframework.boot.test.context.SpringBootTestContextBootstrapper -- Found @SpringBootConfiguration org.example.demo.DemoApplication for test class org.example.demo.NoteControllerUnitTest

  .   ____          _            __ _ _
 /\\ / ___'_ __ _ _(_)_ __  __ _ \ \ \ \
( ( )\___ | '_ | '_| | '_ \/ _` | \ \ \ \
 \\/  ___)| |_)| | | | | || (_| |  ) ) ) )
  '  |____| .__|_| |_|_| |_\__, | / / / /
 =========|_|==============|___/=/_/_/_/
 :: Spring Boot ::                (v3.2.5)

2024-05-13T20:43:57.724+03:00  INFO 9592 --- [demo] [    Test worker] o.example.demo.NoteControllerUnitTest    : Starting NoteControllerUnitTest using Java 17.0.9 with PID 9592 (started by SERGEY in C:\Users\SERGEY\IdeaProjects\JavaDev16M18HW18-SpringBoot-REST API)
2024-05-13T20:43:57.728+03:00  INFO 9592 --- [demo] [    Test worker] o.example.demo.NoteControllerUnitTest    : No active profile set, falling back to 1 default profile: "default"
2024-05-13T20:44:02.229+03:00  INFO 9592 --- [demo] [    Test worker] o.s.b.t.m.w.SpringBootMockServletContext : Initializing Spring TestDispatcherServlet ''
2024-05-13T20:44:02.230+03:00  INFO 9592 --- [demo] [    Test worker] o.s.t.web.servlet.TestDispatcherServlet  : Initializing Servlet ''
2024-05-13T20:44:02.241+03:00  INFO 9592 --- [demo] [    Test worker] o.s.t.web.servlet.TestDispatcherServlet  : Completed initialization in 4 ms
2024-05-13T20:44:02.303+03:00  INFO 9592 --- [demo] [    Test worker] o.example.demo.NoteControllerUnitTest    : Started NoteControllerUnitTest in 5.284 seconds (process running for 7.642)
]]></system-out>
  <system-err><![CDATA[]]></system-err>
</testsuite>
